# JRE version: OpenJDK Runtime Environment AdoptOpenJDK-11.0.11+9 (11.0.11+9) (build 11.0.11+9)
# Java VM: OpenJDK Client VM AdoptOpenJDK-11.0.11+9 (11.0.11+9, mixed mode, serial gc, windows-x86)
Heap:
 def new generation   total 6912K, used 5305K [0x0d400000, 0x0db70000, 0x12950000)
  eden space 6208K,  81% used [0x0d400000, 0x0d8ef4c8, 0x0da10000)
  from space 704K,  35% used [0x0dac0000, 0x0daff250, 0x0db70000)
  to   space 704K,   0% used [0x0da10000, 0x0da10000, 0x0dac0000)
 tenured generation   total 15200K, used 12104K [0x12950000, 0x13828000, 0x1d400000)
   the space 15200K,  79% used [0x12950000, 0x13522278, 0x13522400, 0x13828000)
 Metaspace       used 24221K, capacity 24636K, committed 24704K, reserved 24960K
GC Heap History (20 events):
Event: 14.054 GC heap before
{Heap before GC invocations=90 (full 2):
 def new generation   total 6912K, used 6572K [0x0d400000, 0x0db70000, 0x12950000)
  eden space 6208K, 100% used [0x0d400000, 0x0da10000, 0x0da10000)
  from space 704K,  51% used [0x0dac0000, 0x0db1b028, 0x0db70000)
  to   space 704K,   0% used [0x0da10000, 0x0da10000, 0x0dac0000)
 tenured generation   total 15200K, used 9643K [0x12950000, 0x13828000, 0x1d400000)
   the space 15200K,  63% used [0x12950000, 0x132bafc8, 0x132bb000, 0x13828000)
 Metaspace       used 21679K, capacity 22089K, committed 22144K, reserved 22912K
}
Event: 14.059 GC heap after
{Heap after GC invocations=91 (full 2):
 def new generation   total 6912K, used 271K [0x0d400000, 0x0db70000, 0x12950000)
  eden space 6208K,   0% used [0x0d400000, 0x0d400000, 0x0da10000)
  from space 704K,  38% used [0x0da10000, 0x0da53fb0, 0x0dac0000)
  to   space 704K,   0% used [0x0dac0000, 0x0dac0000, 0x0db70000)
 tenured generation   total 15200K, used 9900K [0x12950000, 0x13828000, 0x1d400000)
   the space 15200K,  65% used [0x12950000, 0x132fb090, 0x132fb200, 0x13828000)
 Metaspace       used 21679K, capacity 22089K, committed 22144K, reserved 22912K
}
Event: 14.366 GC heap before
{Heap before GC invocations=91 (full 2):
 def new generation   total 6912K, used 6479K [0x0d400000, 0x0db70000, 0x12950000)
  eden space 6208K, 100% used [0x0d400000, 0x0da10000, 0x0da10000)
  from space 704K,  38% used [0x0da10000, 0x0da53fb0, 0x0dac0000)
  to   space 704K,   0% used [0x0dac0000, 0x0dac0000, 0x0db70000)
 tenured generation   total 15200K, used 9900K [0x12950000, 0x13828000, 0x1d400000)
   the space 15200K,  65% used [0x12950000, 0x132fb090, 0x132fb200, 0x13828000)
 Metaspace       used 22180K, capacity 22605K, committed 22656K, reserved 22912K
}
Event: 14.370 GC heap after
{Heap after GC invocations=92 (full 2):
 def new generation   total 6912K, used 429K [0x0d400000, 0x0db70000, 0x12950000)
  eden space 6208K,   0% used [0x0d400000, 0x0d400000, 0x0da10000)
  from space 704K,  61% used [0x0dac0000, 0x0db2b5c8, 0x0db70000)
  to   space 704K,   0% used [0x0da10000, 0x0da10000, 0x0dac0000)
 tenured generation   total 15200K, used 9900K [0x12950000, 0x13828000, 0x1d400000)
   the space 15200K,  65% used [0x12950000, 0x132fb090, 0x132fb200, 0x13828000)
 Metaspace       used 22180K, capacity 22605K, committed 22656K, reserved 22912K
}
Event: 14.533 GC heap before
{Heap before GC invocations=92 (full 2):
 def new generation   total 6912K, used 6637K [0x0d400000, 0x0db70000, 0x12950000)
  eden space 6208K, 100% used [0x0d400000, 0x0da10000, 0x0da10000)
  from space 704K,  61% used [0x0dac0000, 0x0db2b5c8, 0x0db70000)
  to   space 704K,   0% used [0x0da10000, 0x0da10000, 0x0dac0000)
 tenured generation   total 15200K, used 9900K [0x12950000, 0x13828000, 0x1d400000)
   the space 15200K,  65% used [0x12950000, 0x132fb090, 0x132fb200, 0x13828000)
 Metaspace       used 22473K, capacity 22893K, committed 22912K, reserved 22912K
}
Event: 14.538 GC heap after
{Heap after GC invocations=93 (full 2):
 def new generation   total 6912K, used 398K [0x0d400000, 0x0db70000, 0x12950000)
  eden space 6208K,   0% used [0x0d400000, 0x0d400000, 0x0da10000)
  from space 704K,  56% used [0x0da10000, 0x0da73a58, 0x0dac0000)
  to   space 704K,   0% used [0x0dac0000, 0x0dac0000, 0x0db70000)
 tenured generation   total 15200K, used 10026K [0x12950000, 0x13828000, 0x1d400000)
   the space 15200K,  65% used [0x12950000, 0x1331a810, 0x1331aa00, 0x13828000)
 Metaspace       used 22473K, capacity 22893K, committed 22912K, reserved 22912K
}
Event: 14.796 GC heap before
{Heap before GC invocations=93 (full 2):
 def new generation   total 6912K, used 6606K [0x0d400000, 0x0db70000, 0x12950000)
  eden space 6208K, 100% used [0x0d400000, 0x0da10000, 0x0da10000)
  from space 704K,  56% used [0x0da10000, 0x0da73a58, 0x0dac0000)
  to   space 704K,   0% used [0x0dac0000, 0x0dac0000, 0x0db70000)
 tenured generation   total 15200K, used 10026K [0x12950000, 0x13828000, 0x1d400000)
   the space 15200K,  65% used [0x12950000, 0x1331a810, 0x1331aa00, 0x13828000)
 Metaspace       used 22815K, capacity 23219K, committed 23296K, reserved 23936K
}
Event: 14.800 GC heap after
{Heap after GC invocations=94 (full 2):
 def new generation   total 6912K, used 550K [0x0d400000, 0x0db70000, 0x12950000)
  eden space 6208K,   0% used [0x0d400000, 0x0d400000, 0x0da10000)
  from space 704K,  78% used [0x0dac0000, 0x0db49b48, 0x0db70000)
  to   space 704K,   0% used [0x0da10000, 0x0da10000, 0x0dac0000)
 tenured generation   total 15200K, used 10153K [0x12950000, 0x13828000, 0x1d400000)
   the space 15200K,  66% used [0x12950000, 0x1333a4b0, 0x1333a600, 0x13828000)
 Metaspace       used 22815K, capacity 23219K, committed 23296K, reserved 23936K
}
Event: 15.079 GC heap before
{Heap before GC invocations=94 (full 2):
 def new generation   total 6912K, used 6758K [0x0d400000, 0x0db70000, 0x12950000)
  eden space 6208K, 100% used [0x0d400000, 0x0da10000, 0x0da10000)
  from space 704K,  78% used [0x0dac0000, 0x0db49b48, 0x0db70000)
  to   space 704K,   0% used [0x0da10000, 0x0da10000, 0x0dac0000)
 tenured generation   total 15200K, used 10153K [0x12950000, 0x13828000, 0x1d400000)
   the space 15200K,  66% used [0x12950000, 0x1333a4b0, 0x1333a600, 0x13828000)
 Metaspace       used 22899K, capacity 23300K, committed 23424K, reserved 23936K
}
Event: 15.084 GC heap after
{Heap after GC invocations=95 (full 2):
 def new generation   total 6912K, used 472K [0x0d400000, 0x0db70000, 0x12950000)
  eden space 6208K,   0% used [0x0d400000, 0x0d400000, 0x0da10000)
  from space 704K,  67% used [0x0da10000, 0x0da860c8, 0x0dac0000)
  to   space 704K,   0% used [0x0dac0000, 0x0dac0000, 0x0db70000)
 tenured generation   total 15200K, used 10493K [0x12950000, 0x13828000, 0x1d400000)
   the space 15200K,  69% used [0x12950000, 0x1338f488, 0x1338f600, 0x13828000)
 Metaspace       used 22899K, capacity 23300K, committed 23424K, reserved 23936K
}
Event: 15.366 GC heap before
{Heap before GC invocations=95 (full 2):
 def new generation   total 6912K, used 6680K [0x0d400000, 0x0db70000, 0x12950000)
  eden space 6208K, 100% used [0x0d400000, 0x0da10000, 0x0da10000)
  from space 704K,  67% used [0x0da10000, 0x0da860c8, 0x0dac0000)
  to   space 704K,   0% used [0x0dac0000, 0x0dac0000, 0x0db70000)
 tenured generation   total 15200K, used 10493K [0x12950000, 0x13828000, 0x1d400000)
   the space 15200K,  69% used [0x12950000, 0x1338f488, 0x1338f600, 0x13828000)
 Metaspace       used 23059K, capacity 23468K, committed 23552K, reserved 23936K
}
Event: 15.372 GC heap after
{Heap after GC invocations=96 (full 2):
 def new generation   total 6912K, used 571K [0x0d400000, 0x0db70000, 0x12950000)
  eden space 6208K,   0% used [0x0d400000, 0x0d400000, 0x0da10000)
  from space 704K,  81% used [0x0dac0000, 0x0db4ef88, 0x0db70000)
  to   space 704K,   0% used [0x0da10000, 0x0da10000, 0x0dac0000)
 tenured generation   total 15200K, used 10731K [0x12950000, 0x13828000, 0x1d400000)
   the space 15200K,  70% used [0x12950000, 0x133cae80, 0x133cb000, 0x13828000)
 Metaspace       used 23059K, capacity 23468K, committed 23552K, reserved 23936K
}
Event: 15.677 GC heap before
{Heap before GC invocations=96 (full 2):
 def new generation   total 6912K, used 6779K [0x0d400000, 0x0db70000, 0x12950000)
  eden space 6208K, 100% used [0x0d400000, 0x0da10000, 0x0da10000)
  from space 704K,  81% used [0x0dac0000, 0x0db4ef88, 0x0db70000)
  to   space 704K,   0% used [0x0da10000, 0x0da10000, 0x0dac0000)
 tenured generation   total 15200K, used 10731K [0x12950000, 0x13828000, 0x1d400000)
   the space 15200K,  70% used [0x12950000, 0x133cae80, 0x133cb000, 0x13828000)
 Metaspace       used 23271K, capacity 23682K, committed 23808K, reserved 23936K
}
Event: 15.682 GC heap after
{Heap after GC invocations=97 (full 2):
 def new generation   total 6912K, used 522K [0x0d400000, 0x0db70000, 0x12950000)
  eden space 6208K,   0% used [0x0d400000, 0x0d400000, 0x0da10000)
  from space 704K,  74% used [0x0da10000, 0x0da92978, 0x0dac0000)
  to   space 704K,   0% used [0x0dac0000, 0x0dac0000, 0x0db70000)
 tenured generation   total 15200K, used 11003K [0x12950000, 0x13828000, 0x1d400000)
   the space 15200K,  72% used [0x12950000, 0x1340edb8, 0x1340ee00, 0x13828000)
 Metaspace       used 23271K, capacity 23682K, committed 23808K, reserved 23936K
}
Event: 15.859 GC heap before
{Heap before GC invocations=97 (full 2):
 def new generation   total 6912K, used 6730K [0x0d400000, 0x0db70000, 0x12950000)
  eden space 6208K,  99% used [0x0d400000, 0x0da0ff58, 0x0da10000)
  from space 704K,  74% used [0x0da10000, 0x0da92978, 0x0dac0000)
  to   space 704K,   0% used [0x0dac0000, 0x0dac0000, 0x0db70000)
 tenured generation   total 15200K, used 11003K [0x12950000, 0x13828000, 0x1d400000)
   the space 15200K,  72% used [0x12950000, 0x1340edb8, 0x1340ee00, 0x13828000)
 Metaspace       used 23525K, capacity 23950K, committed 24064K, reserved 24960K
}
Event: 15.868 GC heap after
{Heap after GC invocations=98 (full 2):
 def new generation   total 6912K, used 306K [0x0d400000, 0x0db70000, 0x12950000)
  eden space 6208K,   0% used [0x0d400000, 0x0d400000, 0x0da10000)
  from space 704K,  43% used [0x0dac0000, 0x0db0cb50, 0x0db70000)
  to   space 704K,   0% used [0x0da10000, 0x0da10000, 0x0dac0000)
 tenured generation   total 15200K, used 11376K [0x12950000, 0x13828000, 0x1d400000)
   the space 15200K,  74% used [0x12950000, 0x1346c3f8, 0x1346c400, 0x13828000)
 Metaspace       used 23525K, capacity 23950K, committed 24064K, reserved 24960K
}
Event: 16.421 GC heap before
{Heap before GC invocations=98 (full 2):
 def new generation   total 6912K, used 6514K [0x0d400000, 0x0db70000, 0x12950000)
  eden space 6208K, 100% used [0x0d400000, 0x0da10000, 0x0da10000)
  from space 704K,  43% used [0x0dac0000, 0x0db0cb50, 0x0db70000)
  to   space 704K,   0% used [0x0da10000, 0x0da10000, 0x0dac0000)
 tenured generation   total 15200K, used 11376K [0x12950000, 0x13828000, 0x1d400000)
   the space 15200K,  74% used [0x12950000, 0x1346c3f8, 0x1346c400, 0x13828000)
 Metaspace       used 23794K, capacity 24256K, committed 24320K, reserved 24960K
}
Event: 16.426 GC heap after
{Heap after GC invocations=99 (full 2):
 def new generation   total 6912K, used 704K [0x0d400000, 0x0db70000, 0x12950000)
  eden space 6208K,   0% used [0x0d400000, 0x0d400000, 0x0da10000)
  from space 704K, 100% used [0x0da10000, 0x0dac0000, 0x0dac0000)
  to   space 704K,   0% used [0x0dac0000, 0x0dac0000, 0x0db70000)
 tenured generation   total 15200K, used 11492K [0x12950000, 0x13828000, 0x1d400000)
   the space 15200K,  75% used [0x12950000, 0x134893c0, 0x13489400, 0x13828000)
 Metaspace       used 23794K, capacity 24256K, committed 24320K, reserved 24960K
}
Event: 16.610 GC heap before
{Heap before GC invocations=99 (full 2):
 def new generation   total 6912K, used 6912K [0x0d400000, 0x0db70000, 0x12950000)
  eden space 6208K, 100% used [0x0d400000, 0x0da10000, 0x0da10000)
  from space 704K, 100% used [0x0da10000, 0x0dac0000, 0x0dac0000)
  to   space 704K,   0% used [0x0dac0000, 0x0dac0000, 0x0db70000)
 tenured generation   total 15200K, used 11492K [0x12950000, 0x13828000, 0x1d400000)
   the space 15200K,  75% used [0x12950000, 0x134893c0, 0x13489400, 0x13828000)
 Metaspace       used 24076K, capacity 24508K, committed 24576K, reserved 24960K
}
Event: 16.615 GC heap after
{Heap after GC invocations=100 (full 2):
 def new generation   total 6912K, used 252K [0x0d400000, 0x0db70000, 0x12950000)
  eden space 6208K,   0% used [0x0d400000, 0x0d400000, 0x0da10000)
  from space 704K,  35% used [0x0dac0000, 0x0daff250, 0x0db70000)
  to   space 704K,   0% used [0x0da10000, 0x0da10000, 0x0dac0000)
 tenured generation   total 15200K, used 12104K [0x12950000, 0x13828000, 0x1d400000)
   the space 15200K,  79% used [0x12950000, 0x13522278, 0x13522400, 0x13828000)
 Metaspace       used 24076K, capacity 24508K, committed 24576K, reserved 24960K
}

